#-----------------------------------------------------------
# Vivado v2018.3 (64-bit)
# SW Build 2405991 on Thu Dec  6 23:38:27 MST 2018
# IP Build 2404404 on Fri Dec  7 01:43:56 MST 2018
# Start of session at: Fri May 10 15:20:14 2019
# Process ID: 19124
# Current directory: C:/Users/Antonio/Desktop/labo8
# Command line: vivado.exe -gui_launcher_event rodinguilauncherevent2760 C:\Users\Antonio\Desktop\labo8\labo8.xpr
# Log file: C:/Users/Antonio/Desktop/labo8/vivado.log
# Journal file: C:/Users/Antonio/Desktop/labo8\vivado.jou
#-----------------------------------------------------------
start_gui
open_project C:/Users/Antonio/Desktop/labo8/labo8.xpr
Scanning sources...
Finished scanning sources
INFO: [IP_Flow 19-234] Refreshing IP repositories
INFO: [IP_Flow 19-1704] No user IP repositories specified
INFO: [IP_Flow 19-2313] Loaded Vivado IP repository 'C:/Xilinx/Vivado/2018.3/data/ip'.
open_project: Time (s): cpu = 00:00:21 ; elapsed = 00:00:09 . Memory (MB): peak = 646.328 ; gain = 68.426
update_compile_order -fileset sources_1
exit
INFO: [Common 17-206] Exiting Vivado at Fri May 10 15:22:27 2019...
